<?xml version="1.0" encoding="UTF-8"?>
<testng-results skipped="0" failed="0" total="1" passed="1">
  <reporter-output>
  </reporter-output>
  <suite name="Default suite" duration-ms="66124" started-at="2019-01-02T16:44:30Z" finished-at="2019-01-02T16:45:36Z">
    <groups>
      <group name="cucumber">
        <method signature="AbstractTestNGCucumberTests.feature(cucumber.api.testng.CucumberFeatureWrapper)[pri:0, instance:MoneyControlRunner.Runner@523884b2]" name="feature" class="cucumber.api.testng.AbstractTestNGCucumberTests"/>
      </group> <!-- cucumber -->
    </groups>
    <test name="Default test" duration-ms="66124" started-at="2019-01-02T16:44:30Z" finished-at="2019-01-02T16:45:36Z">
      <class name="MoneyControlRunner.Runner">
        <test-method status="PASS" signature="setUpClass()[pri:0, instance:MoneyControlRunner.Runner@523884b2]" name="setUpClass" is-config="true" duration-ms="270" started-at="2019-01-02T22:14:30Z" finished-at="2019-01-02T22:14:30Z">
          <reporter-output>
          </reporter-output>
        </test-method> <!-- setUpClass -->
        <test-method status="PASS" signature="feature(cucumber.api.testng.CucumberFeatureWrapper)[pri:0, instance:MoneyControlRunner.Runner@523884b2]" name="feature" duration-ms="65739" started-at="2019-01-02T22:14:30Z" description="Runs Cucumber Feature" data-provider="features" finished-at="2019-01-02T22:15:36Z">
          <params>
            <param index="0">
              <value>
                <![CDATA[Money Control]]>
              </value>
            </param>
          </params>
          <reporter-output>
          </reporter-output>
        </test-method> <!-- feature -->
        <test-method status="PASS" signature="tearDownClass()[pri:0, instance:MoneyControlRunner.Runner@523884b2]" name="tearDownClass" is-config="true" duration-ms="4" started-at="2019-01-02T22:15:36Z" finished-at="2019-01-02T22:15:36Z">
          <reporter-output>
          </reporter-output>
        </test-method> <!-- tearDownClass -->
      </class> <!-- MoneyControlRunner.Runner -->
    </test> <!-- Default test -->
  </suite> <!-- Default suite -->
</testng-results>
